<?xml version="1.0" encoding="UTF-8"?>
<!-- Generated by org.testng.reporters.JUnitReportReporter -->
<testsuite hostname="DESKTOP-L0EDU15" failures="0" tests="1" name="Demo.firefox" time="38.768" errors="0" timestamp="2024-03-07T17:47:59 BDT" skipped="0">
  <testcase classname="Demo.firefox" name="test" time="38.768"/>
</testsuite> <!-- Demo.firefox -->
