<?xml version="1.0" encoding="UTF-8"?>
<!-- Generated by org.testng.reporters.JUnitReportReporter -->
<testsuite hostname="DESKTOP-L0EDU15" failures="0" tests="1" name="CNSTest.mainTest" time="182.430" errors="0" timestamp="2024-03-09T15:36:00 BDT" skipped="0">
  <testcase classname="CNSTest.mainTest" name="CN14_2024" time="182.430"/>
</testsuite> <!-- CNSTest.mainTest -->
